{"/Users/tarasovsky-dl/Desktop/003_coding/javascript-pocketguide/tests/mocha-tests/controllers/auth.controller.js":{"path":"/Users/tarasovsky-dl/Desktop/003_coding/javascript-pocketguide/tests/mocha-tests/controllers/auth.controller.js","s":{"1":1,"2":1,"3":1,"4":1,"5":0,"6":0,"7":1,"8":0,"9":1,"10":0,"11":0,"12":1,"13":0,"14":0,"15":1,"16":0,"17":0,"18":0,"19":1,"20":1,"21":1,"22":0,"23":1,"24":1},"b":{"1":[0,0],"2":[1,0]},"f":{"1":0,"2":0,"3":0},"fnMap":{"1":{"name":"isAuthorizedPromise","line":25,"loc":{"start":{"line":25,"column":4},"end":{"line":25,"column":49}}},"2":{"name":"(anonymous_2)","line":26,"loc":{"start":{"line":26,"column":27},"end":{"line":26,"column":46}}},"3":{"name":"(anonymous_3)","line":27,"loc":{"start":{"line":27,"column":23},"end":{"line":27,"column":35}}}},"statementMap":{"1":{"start":{"line":1,"column":0},"end":{"line":40,"column":1}},"2":{"start":{"line":3,"column":4},"end":{"line":3,"column":14}},"3":{"start":{"line":4,"column":4},"end":{"line":4,"column":13}},"4":{"start":{"line":6,"column":4},"end":{"line":9,"column":5}},"5":{"start":{"line":7,"column":8},"end":{"line":7,"column":20}},"6":{"start":{"line":8,"column":8},"end":{"line":8,"column":25}},"7":{"start":{"line":11,"column":4},"end":{"line":13,"column":5}},"8":{"start":{"line":12,"column":8},"end":{"line":12,"column":21}},"9":{"start":{"line":15,"column":4},"end":{"line":19,"column":5}},"10":{"start":{"line":16,"column":7},"end":{"line":18,"column":9}},"11":{"start":{"line":17,"column":8},"end":{"line":17,"column":44}},"12":{"start":{"line":21,"column":4},"end":{"line":23,"column":5}},"13":{"start":{"line":22,"column":8},"end":{"line":22,"column":63}},"14":{"start":{"line":22,"column":25},"end":{"line":22,"column":59}},"15":{"start":{"line":25,"column":4},"end":{"line":29,"column":5}},"16":{"start":{"line":26,"column":8},"end":{"line":28,"column":10}},"17":{"start":{"line":27,"column":12},"end":{"line":27,"column":83}},"18":{"start":{"line":27,"column":37},"end":{"line":27,"column":77}},"19":{"start":{"line":31,"column":4},"end":{"line":37,"column":5}},"20":{"start":{"line":32,"column":8},"end":{"line":34,"column":9}},"21":{"start":{"line":33,"column":10},"end":{"line":33,"column":36}},"22":{"start":{"line":35,"column":8},"end":{"line":35,"column":27}},"23":{"start":{"line":39,"column":4},"end":{"line":39,"column":94}},"24":{"start":{"line":42,"column":0},"end":{"line":42,"column":33}}},"branchMap":{"1":{"line":16,"type":"if","locations":[{"start":{"line":16,"column":7},"end":{"line":16,"column":7}},{"start":{"line":16,"column":7},"end":{"line":16,"column":7}}]},"2":{"line":32,"type":"if","locations":[{"start":{"line":32,"column":8},"end":{"line":32,"column":8}},{"start":{"line":32,"column":8},"end":{"line":32,"column":8}}]}}}}