TN:
SF:/Users/tarasovsky-dl/Desktop/003_coding/javascript-pocketguide/tests/mocha-tests/controllers/auth.controller.js
FN:25,isAuthorizedPromise
FN:26,(anonymous_2)
FN:27,(anonymous_3)
FNF:3
FNH:0
FNDA:0,isAuthorizedPromise
FNDA:0,(anonymous_2)
FNDA:0,(anonymous_3)
DA:1,1
DA:3,1
DA:4,1
DA:6,1
DA:7,0
DA:8,0
DA:11,1
DA:12,0
DA:15,1
DA:16,0
DA:17,0
DA:21,1
DA:22,0
DA:25,1
DA:26,0
DA:27,0
DA:31,1
DA:32,1
DA:33,1
DA:35,0
DA:39,1
DA:42,1
LF:22
LH:13
BRDA:16,1,0,0
BRDA:16,1,1,0
BRDA:32,2,0,1
BRDA:32,2,1,0
BRF:4
BRH:1
end_of_record
